{
  "RSpec": {
    "coverage": {
      "/Users/jahangeer/Documents/assignment3/Assignment3/Assignment-3/spec/support/webmock.rb": {
        "lines": [
          1,
          null,
          1
        ]
      },
      "/Users/jahangeer/Documents/assignment3/Assignment3/Assignment-3/spec/config/initializers/rack/attack_spec.rb": {
        "lines": [
          1,
          null,
          1,
          1,
          6,
          null,
          null,
          7,
          null,
          1,
          1,
          null,
          3,
          null,
          null,
          null,
          null,
          null,
          null,
          4,
          null,
          1,
          1,
          1,
          5,
          null,
          null,
          null,
          null,
          1,
          1,
          1,
          0,
          null,
          null,
          null,
          1,
          1,
          0,
          null,
          null,
          null,
          null,
          1,
          1,
          null,
          3,
          null,
          null,
          null,
          null,
          null,
          null,
          4,
          null,
          1,
          1,
          1,
          5,
          null,
          null,
          null,
          null,
          1,
          1,
          1,
          0,
          null,
          null,
          null,
          1,
          1,
          0,
          null,
          null,
          null,
          null,
          null,
          1,
          4,
          24,
          null,
          24,
          null,
          null,
          null,
          1,
          2,
          10,
          null,
          10,
          null,
          null,
          null,
          null
        ]
      },
      "/Users/jahangeer/Documents/assignment3/Assignment3/Assignment-3/spec/models/admin_user_spec.rb": {
        "lines": [
          null,
          null,
          null,
          null,
          null,
          null,
          null,
          null,
          null,
          null,
          null,
          null,
          null,
          null,
          null,
          null,
          null,
          null,
          null,
          1,
          1,
          2,
          2,
          null,
          null
        ]
      },
      "/Users/jahangeer/Documents/assignment3/Assignment3/Assignment-3/spec/models/user_spec.rb": {
        "lines": [
          null,
          null,
          null,
          null,
          null,
          null,
          null,
          null,
          null,
          null,
          null,
          null,
          null,
          null,
          null,
          null,
          null,
          null,
          null,
          null,
          null,
          null,
          null,
          null,
          null,
          null,
          null,
          null,
          null,
          null,
          null,
          null,
          null,
          null,
          null,
          null,
          null,
          1,
          4,
          null,
          1,
          2,
          2,
          null,
          1,
          1,
          null,
          null,
          null
        ]
      },
      "/Users/jahangeer/Documents/assignment3/Assignment3/Assignment-3/spec/requests/api/v1/passwords/create_spec.rb": {
        "lines": [
          1,
          7,
          4,
          null,
          1,
          1,
          4,
          null,
          1,
          null,
          1,
          2,
          null,
          null,
          1,
          4,
          null,
          null,
          null,
          1,
          3,
          null,
          1,
          null,
          1,
          4,
          null,
          null,
          null,
          null,
          1,
          2,
          null,
          1,
          null,
          null
        ]
      },
      "/Users/jahangeer/Documents/assignment3/Assignment3/Assignment-3/spec/requests/api/v1/passwords/edit_spec.rb": {
        "lines": [
          1,
          null,
          1,
          6,
          6,
          4,
          4,
          null,
          1,
          1,
          null,
          null,
          1,
          1,
          2,
          2,
          null,
          2,
          null,
          null,
          1,
          null,
          null,
          null,
          null,
          null,
          1,
          3,
          null,
          1,
          null,
          null,
          null,
          null
        ]
      },
      "/Users/jahangeer/Documents/assignment3/Assignment3/Assignment-3/spec/requests/api/v1/passwords/update_spec.rb": {
        "lines": [
          1,
          null,
          1,
          12,
          11,
          9,
          9,
          1,
          null,
          11,
          null,
          null,
          null,
          null,
          1,
          1,
          1,
          4,
          null,
          null,
          1,
          null,
          2,
          null,
          1,
          1,
          null,
          null,
          null,
          null,
          null,
          1,
          1,
          1,
          null,
          1,
          null,
          null,
          null,
          1,
          4,
          null,
          1,
          null,
          2,
          null,
          1,
          2,
          null,
          null,
          null,
          null,
          1,
          4,
          null,
          1,
          null,
          2,
          null,
          1,
          2,
          null,
          null,
          null
        ]
      },
      "/Users/jahangeer/Documents/assignment3/Assignment3/Assignment-3/spec/requests/api/v1/sessions/create_spec.rb": {
        "lines": [
          1,
          7,
          1,
          null,
          6,
          null,
          null,
          null,
          null,
          null,
          6,
          6,
          7,
          null,
          1,
          1,
          null,
          1,
          1,
          null,
          null,
          null,
          null,
          null,
          null,
          null,
          null,
          1,
          1,
          null,
          null,
          1,
          1,
          1,
          null,
          1,
          null,
          null,
          null,
          1,
          2,
          null,
          1,
          null,
          null,
          1,
          2,
          null,
          1,
          null,
          null
        ]
      },
      "/Users/jahangeer/Documents/assignment3/Assignment3/Assignment-3/spec/requests/api/v1/sessions/destroy_spec.rb": {
        "lines": [
          1,
          5,
          3,
          null,
          1,
          3,
          null,
          1,
          null,
          1,
          1,
          1,
          null,
          1,
          1,
          2,
          null,
          null,
          null,
          1,
          3,
          null,
          1,
          null,
          null,
          null,
          null
        ]
      },
      "/Users/jahangeer/Documents/assignment3/Assignment3/Assignment-3/spec/requests/api/v1/token_validations/validate_token_spec.rb": {
        "lines": [
          1,
          6,
          4,
          null,
          1,
          4,
          null,
          1,
          null,
          1,
          1,
          null,
          null,
          null,
          null,
          null,
          null,
          null,
          null,
          1,
          1,
          1,
          null,
          1,
          null,
          null,
          null,
          1,
          3,
          null,
          1,
          null,
          null,
          null,
          null
        ]
      },
      "/Users/jahangeer/Documents/assignment3/Assignment3/Assignment-3/spec/requests/api/v1/users/create_spec.rb": {
        "lines": [
          1,
          8,
          6,
          6,
          1,
          null,
          7,
          null,
          null,
          null,
          null,
          null,
          null,
          null,
          null,
          null,
          1,
          3,
          null,
          1,
          null,
          1,
          1,
          null,
          null,
          null,
          null,
          null,
          null,
          null,
          null,
          1,
          1,
          1,
          null,
          1,
          null,
          null,
          null,
          1,
          1,
          6,
          null,
          2,
          null,
          4,
          null,
          null,
          1,
          1,
          null,
          null,
          1,
          1,
          null,
          null,
          null
        ]
      },
      "/Users/jahangeer/Documents/assignment3/Assignment3/Assignment-3/spec/requests/api/v1/users/show_spec.rb": {
        "lines": [
          1,
          5,
          3,
          null,
          1,
          3,
          null,
          1,
          null,
          1,
          1,
          null,
          null,
          null,
          null,
          null,
          null,
          null,
          null,
          null,
          1,
          1,
          null,
          null
        ]
      },
      "/Users/jahangeer/Documents/assignment3/Assignment3/Assignment-3/spec/requests/api/v1/users/update_spec.rb": {
        "lines": [
          1,
          16,
          null,
          1,
          14,
          null,
          14,
          null,
          1,
          3,
          1,
          null,
          2,
          null,
          null,
          null,
          null,
          null,
          null,
          null,
          1,
          null,
          1,
          1,
          null,
          null,
          null,
          null,
          null,
          null,
          null,
          1,
          12,
          null,
          1,
          2,
          null,
          null,
          null,
          4,
          4,
          null,
          null,
          1,
          5,
          null,
          1,
          null,
          null,
          1,
          8,
          null,
          1,
          5,
          null,
          1,
          null,
          null,
          1,
          4,
          null,
          1,
          null,
          2,
          null,
          1,
          1,
          null,
          null,
          null,
          null,
          null,
          null,
          null,
          null,
          null,
          null,
          null,
          null,
          1,
          3,
          null,
          1,
          null,
          null
        ]
      },
      "/Users/jahangeer/Documents/assignment3/Assignment3/Assignment-3/spec/rubocop/cop/migration/add_index_spec.rb": {
        "lines": [
          null,
          null,
          1,
          null,
          1,
          1,
          null,
          1,
          null,
          1,
          1,
          1,
          null,
          5,
          null,
          5,
          null,
          1,
          1,
          1,
          null,
          null,
          null,
          null,
          null,
          null,
          null,
          null,
          null,
          null,
          1,
          1,
          1,
          null,
          null,
          null,
          null,
          null,
          null,
          null,
          null,
          null,
          null,
          null,
          1,
          1,
          1,
          null,
          null,
          null,
          null,
          null,
          null,
          null,
          null,
          null,
          null,
          1,
          1,
          1,
          null,
          null,
          null,
          null,
          null,
          null,
          null,
          null,
          null,
          null,
          null
        ]
      },
      "/Users/jahangeer/Documents/assignment3/Assignment3/Assignment-3/rubocop/cop/migration/add_index.rb": {
        "lines": [
          1,
          null,
          1,
          1,
          1,
          null,
          1,
          1,
          null,
          null,
          1,
          1,
          null,
          1,
          null,
          1,
          null,
          null,
          null,
          1,
          4,
          null,
          4,
          null,
          4,
          4,
          null,
          null,
          1,
          6,
          null,
          6,
          4,
          4,
          null,
          null,
          null,
          1,
          null,
          1,
          4,
          6,
          null,
          4,
          null,
          null,
          null,
          1,
          8,
          null,
          null,
          1,
          8,
          null,
          null,
          null,
          null,
          null
        ]
      },
      "/Users/jahangeer/Documents/assignment3/Assignment3/Assignment-3/rubocop/migration_helpers.rb": {
        "lines": [
          1,
          null,
          1,
          null,
          1,
          0,
          null,
          null,
          1,
          null,
          1,
          0,
          null,
          null,
          null
        ]
      },
      "/Users/jahangeer/Documents/assignment3/Assignment3/Assignment-3/app/controllers/api/v1/users_controller.rb": {
        "lines": [
          1,
          1,
          1,
          1,
          null,
          1,
          null,
          1,
          null,
          1,
          5,
          null,
          null,
          1,
          null,
          1,
          18,
          null,
          null,
          1,
          13,
          null,
          8,
          null,
          null,
          1,
          18,
          null,
          null,
          null,
          null
        ]
      },
      "/Users/jahangeer/Documents/assignment3/Assignment3/Assignment-3/app/controllers/api/v1/api_controller.rb": {
        "lines": [
          1,
          1,
          1,
          1,
          1,
          1,
          1,
          1,
          null,
          1,
          null,
          null,
          null
        ]
      },
      "/Users/jahangeer/Documents/assignment3/Assignment3/Assignment-3/app/controllers/concerns/exception_handler.rb": {
        "lines": [
          1,
          1,
          null,
          1,
          5,
          5,
          5,
          5,
          5,
          5,
          null,
          5,
          null,
          null,
          1,
          null,
          1,
          25,
          null,
          25,
          null,
          null,
          1,
          7,
          null,
          null,
          1,
          0,
          null,
          null,
          1,
          0,
          null,
          null,
          1,
          4,
          null,
          4,
          null,
          null,
          1,
          0,
          null,
          null,
          1,
          0,
          null,
          0,
          0,
          null,
          0,
          null,
          0,
          null,
          null,
          1,
          0,
          null,
          0,
          0,
          null,
          0,
          null,
          null,
          null,
          1,
          69,
          69,
          null,
          20,
          null,
          null
        ]
      },
      "/Users/jahangeer/Documents/assignment3/Assignment3/Assignment-3/app/controllers/concerns/act_as_api_request.rb": {
        "lines": [
          1,
          1,
          null,
          1,
          5,
          5,
          null,
          null,
          1,
          69,
          null,
          54,
          54,
          null,
          54,
          null,
          0,
          null,
          null,
          1,
          69,
          null,
          null,
          1,
          null,
          1,
          69,
          null,
          null
        ]
      },
      "/Users/jahangeer/Documents/assignment3/Assignment3/Assignment-3/app/controllers/concerns/localizable.rb": {
        "lines": [
          1,
          1,
          null,
          1,
          5,
          null,
          null,
          1,
          null,
          1,
          69,
          null,
          null,
          1,
          69,
          69,
          null,
          null
        ]
      },
      "/Users/jahangeer/Documents/assignment3/Assignment3/Assignment-3/app/controllers/api/v1/passwords_controller.rb": {
        "lines": [
          1,
          1,
          1,
          1,
          1,
          1,
          1,
          null,
          1,
          null,
          1,
          5,
          null,
          5,
          null,
          4,
          null,
          null,
          1,
          11,
          11,
          null,
          11,
          5,
          5,
          null,
          6,
          6,
          null,
          null,
          null,
          1,
          null,
          1,
          3,
          null,
          null,
          1,
          5,
          null,
          null,
          1,
          7,
          null,
          null,
          1,
          11,
          null,
          null,
          null,
          null
        ]
      },
      "/Users/jahangeer/Documents/assignment3/Assignment3/Assignment-3/app/controllers/api/v1/sessions_controller.rb": {
        "lines": [
          1,
          1,
          1,
          1,
          1,
          1,
          1,
          null,
          1,
          null,
          1,
          null,
          1,
          34,
          null,
          null,
          1,
          4,
          null,
          null,
          1,
          2,
          null,
          null,
          1,
          8,
          null,
          null,
          null,
          null
        ]
      },
      "/Users/jahangeer/Documents/assignment3/Assignment3/Assignment-3/app/controllers/api/v1/registrations_controller.rb": {
        "lines": [
          1,
          1,
          1,
          1,
          1,
          1,
          null,
          1,
          null,
          1,
          21,
          null,
          null,
          1,
          3,
          null,
          null,
          1,
          4,
          null,
          null,
          1,
          7,
          null,
          null,
          null,
          null
        ]
      },
      "/Users/jahangeer/Documents/assignment3/Assignment3/Assignment-3/app/controllers/api/v1/token_validations_controller.rb": {
        "lines": [
          1,
          1,
          1,
          1,
          1,
          1,
          null,
          1,
          3,
          null,
          null,
          1,
          2,
          null,
          null,
          null,
          null
        ]
      }
    },
    "timestamp": 1670961807
  }
}
